C51 COMPILER V9.56.0.0   MAIN                                                              09/23/2020 14:29:51 PAGE 1   


C51 COMPILER V9.56.0.0, COMPILATION OF MODULE MAIN
OBJECT MODULE PLACED IN .\Objects\main.obj
COMPILER INVOKED BY: C:\program_list\keil\C51\BIN\C51.EXE ..\user\main.c LARGE OPTIMIZE(8,SPEED) BROWSE INCDIR(..\hardwa
                    -re\DELAY;..\hardware\ADC;..\hardware\Flash;..\hardware\Uart;..\hardware\Key;..\hardware\Pwm;..\hardware\WDT;..\hardware\
                    -Timer;..\hardware\LCDdisplay;..\hardware\PID) DEBUG OBJECTEXTEND PRINT(.\Listings\main.lst) TABS(2) OBJECT(.\Objects\mai
                    -n.obj)

line level    source

   1          /**
   2          * ************************************************************************************
   3          * @Examle Version   K8104
   4          * @Demo Version   V1.00.00
   5          * @Date       2020.6。23
   6          * ************************************************************************************
   7          *
   8          **/
   9          
  10          #define ALLOCATE_EXTERN
  11          #include "HC89F3541.H"
  12          #include "delay.h"
  13          #include "adc.h"
  14          #include "flash.h"
  15          #include "key.h"
  16          #include "uart.h"
  17          #include "pwm.h"
  18          #include "wdt.h"
  19          #include "timer.h"
  20          #include "lcddisplay.h"
  21          #include "PID.h"
  22          
  23          #define SKU 8104
  24          #define SOFT_VER "1.01.00"
  25          
  26          
  27          u16 adc_cnt = 0;
  28          u8  first_heat_std = 0;
  29          u8  error_std = 0;
  30          
  31          void Clock ( void );
  32          void Set_Temp ( void );
  33          void Controll_Heat ( void );
  34          //void Protect ( void );
  35          void Detection_Input(void);
  36          
  37          
  38          
  39          /***************************************************/
  40          /*
  41          函数名称；key_handle()
  42          函数功能：按键处理函数
  43          入口参数：null
  44          出口参数：null
  45          函数说明；处理按键返回的键值调整相应功能
  46          */
  47          /********************************************************/
  48          
  49          static void key_handle ( void )
  50          {
  51   1        u8 key_val = 0;
  52   1      
C51 COMPILER V9.56.0.0   MAIN                                                              09/23/2020 14:29:51 PAGE 2   

  53   1        if ( error_std == 0 )
  54   1      
  55   1        {
  56   2          key_val = key_scan();
  57   2        }
  58   1        else
  59   1        {
  60   2          key_val = 0;
  61   2        }
  62   1        if ( (key_val == KEY_1_PRES)&&(calibration_std == 0) )
  63   1        {
  64   2          KEY_printf ( " key_scan\r\n" );
  65   2          if ( get_device_state() == ON )
  66   2          {
  67   3            set_device_state ( OFF );
  68   3            set_pwm ( 0 );
  69   3          }
  70   2          else
  71   2          {
  72   3            set_device_state ( ON );
  73   3            set_time_sec();
  74   3            Set_Temp ( );
  75   3            //  gm_printf ( " spid.iSetVal = %d \r\n",  spid.iSetVal);
  76   3            first_heat_std = 1;
  77   3      
  78   3          }
  79   2        }
  80   1        else if ( get_device_state() == ON )
  81   1        {
  82   2      
  83   2      
  84   2      
  85   2          if ( key_val == KEY_2_PRES )
  86   2          {
  87   3      
  88   3            KEY_printf ( " KEY_2_PRES\r\n" );
  89   3            if ( flash_info.gap < GAP_H )
  90   3            {
  91   4              flash_info.gap++;
  92   4      
  93   4            }
  94   3            else
  95   3            {
  96   4              flash_info.gap = GAP_1;
  97   4            }
  98   3          
  99   3      
 100   3            first_heat_std = 1;
 101   3            Set_Temp ( );
 102   3            //  gm_printf ( " spid.iSetVal = %d \r\n",  spid.iSetVal);
 103   3            lcd_display_gap ( flash_info.gap );
 104   3            //set_time_sec();
 105   3            flah_save_data();
 106   3          }
 107   2          else if ( key_val == KEY_3_PRES ) //??
 108   2          {
 109   3      
 110   3            if ( flash_info.timer < 0x05 )
 111   3            {
 112   4              flash_info.timer++;
 113   4            }
 114   3            else
C51 COMPILER V9.56.0.0   MAIN                                                              09/23/2020 14:29:51 PAGE 3   

 115   3            {
 116   4              flash_info.timer = TIMER_ON;
 117   4            }
 118   3            if ( flash_info.gap > GAP_1 )
 119   3            {
 120   4              if ( flash_info.timer == TIMER_ON )
 121   4              {
 122   5                On_stay = 2;
 123   5              }
 124   4              else if ( flash_info.timer > TIMER_2H )
 125   4              {
 126   5                Gap_protect_std = 2;
 127   5              }
 128   4            }
 129   3          //  KEY_printf ( "timer:%d \r\n", ( u16 ) flash_info.timer );
 130   3            lcd_display_time ( flash_info.timer );
 131   3            set_time_sec();
 132   3            flah_save_data();
 133   3          }
 134   2        }
 135   1      }
 136          
 137          
 138          u16 calibration_temperature(u16 temper)
 139          {
 140   1        u8 temp1 = 0;
 141   1        if ( (usart_rx_flag == 2)&&(calibration_std == 1))
 142   1        { 
 143   2          temp1 = (u8)temper;
 144   2          usart_rx_flag = 0;
 145   2          flash_info.correct_std = 1;
 146   2      //    hal_uart_putchar(temp1);
 147   2      //    hal_uart_putchar(temper_val);
 148   2         if (temper_val > 15) 
 149   2         { 
 150   3          if (temper_val > temp1)
 151   3          {
 152   4            flash_info.correct_value = temper_val - temp1;
 153   4            flash_info.correct_sign = 1; //为正公差
 154   4          }
 155   3          else 
 156   3          {
 157   4           flash_info.correct_value = temp1 - temper_val;
 158   4            
 159   4            hal_uart_putchar(flash_info.correct_value);
 160   4           flash_info.correct_sign = 2; //为负公差
 161   4          } 
 162   3          if ((flash_info.correct_value < 2)||(flash_info.correct_value > 20))
 163   3          {
 164   4             flash_info.correct_value = 0;
 165   4             flash_info.correct_sign = 0;
 166   4          }
 167   3          flah_save_data();
 168   3          producte_send_cmd(0x02, 0x02);
 169   3         }
 170   2        }
 171   1          if (flash_info.correct_sign == 1)
 172   1        {
 173   2         return ((u16) (temper = temper + flash_info.correct_value) );
 174   2        }
 175   1        else if ( flash_info.correct_sign == 2)
 176   1        {
C51 COMPILER V9.56.0.0   MAIN                                                              09/23/2020 14:29:51 PAGE 4   

 177   2         return ((u16) (temper = temper - flash_info.correct_value) );
 178   2        }
 179   1        return ((u16) temper );
 180   1      
 181   1      } 
 182          
 183          
 184          
 185          u16 temp_calc ( u16 uRt,u16 uRw )
 186          {
 187   1        u16 i = 0;
 188   1        u16 basi_tmp = 40;
 189   1        
 190   1        float u1 = 0;
 191   1        float u3 = 0;
 192   1        if ( uRt < 90 )
 193   1        {
 194   2          return 0xff;
 195   2        }
 196   1      
 197   1        u1 = ( float ) uRt/1000;
 198   1        u3 =  ( float ) uRw /1000;
 199   1        u1 = (  u3 - u1 ) / u1 * 750;
 200   1        if ( u1 < 0 )
 201   1        {
 202   2          return 0xff;
 203   2        }
 204   1      //  gm_printf ( "R = %f  \r\n",u1 );
 205   1      
 206   1      
 207   1        if(u1 > Temperature_Value)
 208   1          {
 209   2               i = (u1 - Temperature_Value)/0.4;
 210   2                //gm_printf("over 40  i:%d \r\n",i);
 211   2            basi_tmp = basi_tmp + i;
 212   2            }
 213   1      
 214   1        else
 215   1          {
 216   2               i = (Temperature_Value - u1)/0.4;
 217   2              //  gm_printf("under 40  i:%d \r\n",i);
 218   2            basi_tmp = basi_tmp - i;
 219   2            }
 220   1          
 221   1      //  gm_printf("basi_tmp:%d \r\n",basi_tmp);
 222   1      if (flash_info.gap == GAP_3)
 223   1            basi_tmp = basi_tmp - 5;
 224   1          
 225   1        return  basi_tmp;
 226   1      }
 227          
 228          
 229          /*********************************************************/
 230          /*
 231          函数名称；temperature_handle()
 232          函数功能：温度处理函数
 233          入口参数：null
 234          出口参数：null
 235          函数说明；根据ADC侦测到的值算出温度值，通过温度的值进行温度控制
 236          */
 237          /********************************************************/
 238          
C51 COMPILER V9.56.0.0   MAIN                                                              09/23/2020 14:29:51 PAGE 5   

 239          void temperature_handle ( void )
 240          {
 241   1        u16 temp = 0;
 242   1        u16 adc_val1 = 0,adc_val2 = 0, Detection_vol = 0;
 243   1        
 244   1        adc_cnt++;
 245   1      
 246   1        if ( adc_cnt >= 50000 )
 247   1        {
 248   2          adc_cnt = 0;
 249   2          get_voltage ( &adc_val1,&adc_val2 );
 250   2      //        Detection_vol = Detection_Heat_Cailibration();
 251   2          KEY_printf ( "Detection_vol = %d \r\n",Detection_vol );
 252   2        //  KEY_printf ( "adv1 = %d adv2 =%d \r\n",adc_val1,adc_val2 );  //pjw set
 253   2          temp = temp_calc ( adc_val1, adc_val2 );
 254   2        //  KEY_printf ( "temp val:%d \r\n",temp );
 255   2            temp =  calibration_temperature(temp);
 256   2      //    KEY_printf ( "%d \r\n",temp );
 257   2      
 258   2            if ( Detection_vol > 800)
 259   2          {
 260   3            calibration_std = 0;
 261   3            lcd_off( Error );
 262   3            lcd_error (  );
 263   3            error_std = 1;
 264   3          }
 265   2        else  if (adc_val1 > 90)  //adc_val1 > 50
 266   2          {
 267   3            if ( get_device_state() == ON )
 268   3            {
 269   4                      lcd_off( ON );
 270   4               if ( first_heat_std == 1 )
 271   4              {
 272   5                first_heat_std = 0;
 273   5                if ( temp > 50 )
 274   5                {
 275   6                  Heat_start_std = 0;
 276   6                  heat_step = 0;
 277   6                //  KEY_printf ( "first_heat_std heat_step = 0; \r\n" );  //pjw set
 278   6                }
 279   5                else
 280   5                {
 281   6                  Heat_start_std = 1;
 282   6                  heat_step = 1;
 283   6                //  KEY_printf ( "first_heat_std heat_step = 1; \r\n" );  //pjw set
 284   6                }
 285   5              }
 286   4      
 287   4              spid.iCurVal = temp*10;
 288   4              PID_Operation ();
 289   4              lcd_display_time ( flash_info.timer );
 290   4              lcd_display_gap ( flash_info.gap );
 291   4              Controll_Heat (  );
 292   4            }
 293   3            else
 294   3            {
 295   4                   
 296   4                    if (calibration_std == 1)
 297   4              {
 298   5                  set_pwm ( 0 );
 299   5                lcd_clear_all();
 300   5                   
C51 COMPILER V9.56.0.0   MAIN                                                              09/23/2020 14:29:51 PAGE 6   

 301   5                lcd_cailbration ();
 302   5              }
 303   4              else
 304   4              { 
 305   5            
 306   5              lcd_off( OFF );
 307   5              set_pwm ( 0 );
 308   5              lcd_clear_all();
 309   5                
 310   5              } 
 311   4                   
 312   4            }
 313   3            error_std = 0;
 314   3          }
 315   2          else
 316   2          {
 317   3      
 318   3                calibration_std = 0;
 319   3                  lcd_off( Error );
 320   3            lcd_error (  );
 321   3            error_std = 1;
 322   3          }
 323   2      
 324   2        
 325   2      
 326   2        }
 327   1      
 328   1      
 329   1      }
 330          
 331          
 332          
 333          
 334          
 335          
 336          
 337          
 338          void main()
 339          {
 340   1        Clock();
 341   1        uart_init();
 342   1        adc_init();
 343   1        EA = 1;
 344   1        time0_init ();            //打开总中断
 345   1        key_init();
 346   1        flash_init();
 347   1        PID_Init();
 348   1        pwm_init ( 200 );
 349   1        wdt_init ( 2 );
 350   1        LCD_Init();
 351   1        lcd_display_On();
 352   1        delay_ms ( 1200 );
 353   1        lcd_display_time ( TIMER_OFF );
 354   1         lcd_display_gap ( GAP_6 );
 355   1        delay_ms ( 600 );
 356   1        lcd_clear_all ();
 357   1        Detection_Input();
 358   1        
 359   1        gm_printf ( "\r\n==================================\r\n" );
 360   1        gm_printf ( "sku:K%d \r\n", ( u16 ) SKU );
 361   1        gm_printf ( "soft version:%s \r\n",SOFT_VER );
 362   1        gm_printf ( "gap %d \r\n", ( u16 ) flash_info.gap );      //档位
C51 COMPILER V9.56.0.0   MAIN                                                              09/23/2020 14:29:51 PAGE 7   

 363   1        gm_printf ( "timer %d \r\n", ( u16 ) flash_info.timer );  // 定时
 364   1        gm_printf ( "Input_Voltage_std = %d\r\n" ,Input_Voltage_std); //输入电压
 365   1        gm_printf ( "==================================\r\n" );
 366   1      
 367   1        while ( 1 )
 368   1        {
 369   2      
 370   2      
 371   2          temperature_handle();
 372   2          key_handle ();
 373   2        //  Protect ();
 374   2          clear_wdt();
 375   2      
 376   2        }
 377   1      }
 378          
 379          
 380          
 381          void Clock ( void )
 382          {
 383   1        /************************************系统初始化****************************************/
 384   1        CLKSWR = 0x51;            //选择内部高频RC为系统时钟，内部高频RC 2分频，Fosc=16MHz
 385   1        CLKDIV = 0x01;            //Fosc 1分频得到Fcpu，Fcpu=16MHz
 386   1      }
 387          
 388          
 389          /***************************************************/
 390          /*
 391          函数名称；Controll_Heat()
 392          函数功能：加热PWM控制
 393          入口参数：null
 394          出口参数：null
 395          函数说明；根据控制算法得到的占空比输出功率
 396          */
 397          /********************************************************/
 398          
 399          void Controll_Heat ( void )
 400          {
 401   1        //gm_printf ( " spid.iPriVal = %d \r\n",  spid.iPriVal);
 402   1        u8 heat_step_val = 100;
 403   1        if (Input_Voltage_std == V_24_status)
 404   1          {
 405   2                spid.iPriVal = spid.iPriVal/2;   
 406   2                heat_step_val = 50;
 407   2            }
 408   1        if (heat_step == 1)
 409   1          {
 410   2            set_pwm (heat_step_val);
 411   2          }
 412   1        else if (heat_step == 0)
 413   1          
 414   1          {
 415   2             set_pwm ((u8) spid.iPriVal);  //(u8) spid.iPriVal
 416   2          }
 417   1      }
 418          
 419          /***************************************************/
 420          /*
 421          函数名称；Set_Temp()
 422          函数功能：设定目标温度
 423          入口参数：null
 424          出口参数：null
C51 COMPILER V9.56.0.0   MAIN                                                              09/23/2020 14:29:51 PAGE 8   

 425          函数说明；根据不同档位设定要加热到的目标温度
 426          */
 427          /********************************************************/
 428          
 429          void Set_Temp ( void )
 430          {
 431   1      
 432   1      
 433   1        switch ( flash_info.gap )
 434   1        {
 435   2          case GAP_WARM:
 436   2      
 437   2            break;
 438   2          case GAP_1:
 439   2            spid.iSetVal = GAP_1_temp*10;
 440   2            break;
 441   2          case GAP_2:
 442   2            spid.iSetVal = GAP_2_temp*10;
 443   2            break;
 444   2          case GAP_3:
 445   2            spid.iSetVal = GAP_3_temp*10;
 446   2            break;
 447   2          case GAP_H:
 448   2            spid.iSetVal = GAP_4_temp*10;
 449   2            break;
 450   2        }
 451   1      }
 452          
 453          /*********************************************************/
 454          /*
 455          函数名称；Protect()
 456          函数功能：PID运算
 457          入口参数：null
 458          出口参数：null
 459          函数说明；大于Gap1档位情况下加热超过2小时会跳到Gap1
 460          */
 461          /********************************************************/
 462          //void Protect ( void )
 463          //{
 464          //  if ( over_rang_time_std == 1 )
 465          //  {
 466          //    if ( flash_info.gap > GAP_1 )
 467          //    {
 468          //      flash_info.gap = GAP_1;
 469          //      Set_Temp ( );
 470          //      flah_save_data();
 471          //      over_rang_time_std = 0;
 472          //    }
 473          //  }
 474          //}
 475          
 476          
 477          void Detection_Input(void)
 478          {
 479   1        u16 input = 0;
 480   1       input = Detection_Input_Voltage( );
 481   1       if (input > 1600)
 482   1        {
 483   2        //gm_printf ( "input24 = %d\r\n" ,input); //输入电压
 484   2        Input_Voltage_std = V_24_status;
 485   2        }
 486   1       else 
C51 COMPILER V9.56.0.0   MAIN                                                              09/23/2020 14:29:51 PAGE 9   

 487   1        {
 488   2        //gm_printf ( "input12 = %d\r\n" ,input); //输入电压
 489   2        Input_Voltage_std = V_12_status;
 490   2        }
 491   1      }
 492          


MODULE INFORMATION:   STATIC OVERLAYABLE
   CODE SIZE        =   1493    ----
   CONSTANT SIZE    =    209    ----
   XDATA SIZE       =      4      25
   PDATA SIZE       =   ----    ----
   DATA SIZE        =   ----    ----
   IDATA SIZE       =   ----    ----
   BIT SIZE         =   ----    ----
END OF MODULE INFORMATION.


C51 COMPILATION COMPLETE.  0 WARNING(S),  0 ERROR(S)
